[2024-06-12T18:01:09.567] [DEBUG] cheese - login => username:admin,password:123456
[2024-06-12T18:01:09.572] [DEBUG] cheese - admin
[2024-06-12T18:01:09.579] [DEBUG] cheese - null
[2024-06-12T18:01:09.580] [DEBUG] cheese - null
[2024-06-13T10:29:14.869] [DEBUG] cheese - login => username:admin,password:123456
[2024-06-13T10:29:14.872] [DEBUG] cheese - admin
[2024-06-13T10:29:14.906] [DEBUG] cheese - null
[2024-06-13T10:29:14.907] [DEBUG] cheese - null
[2024-06-14T16:18:01.496] [DEBUG] cheese - login => username:zs12,password:123121
[2024-06-14T16:18:01.498] [DEBUG] cheese - zs12
[2024-06-14T16:18:01.572] [DEBUG] cheese - null
[2024-06-14T16:18:01.572] [DEBUG] cheese - null
[2024-06-14T16:24:37.663] [DEBUG] cheese - login => username:zs11,password:123111
[2024-06-14T16:24:37.663] [DEBUG] cheese - zs11
[2024-06-14T16:24:37.701] [DEBUG] cheese - null
[2024-06-14T16:24:37.702] [DEBUG] cheese - null
[2024-06-14T16:26:14.599] [DEBUG] cheese - login => username:zs11,password:123111
[2024-06-14T16:26:14.600] [DEBUG] cheese - zs11
[2024-06-14T16:26:14.606] [DEBUG] cheese - null
[2024-06-14T16:26:14.606] [DEBUG] cheese - null
[2024-06-14T16:26:26.790] [DEBUG] cheese - login => username:admin,password:123456
[2024-06-14T16:26:26.790] [DEBUG] cheese - admin
[2024-06-14T16:26:26.795] [DEBUG] cheese - null
[2024-06-14T16:26:26.796] [DEBUG] cheese - null
[2024-06-14T16:48:50.457] [DEBUG] cheese - login => username:zs11,password:1231111
[2024-06-14T16:48:50.458] [DEBUG] cheese - zs11
[2024-06-14T16:48:50.499] [DEBUG] cheese - null
[2024-06-14T16:48:50.500] [DEBUG] cheese - null
[2024-06-14T16:49:01.701] [DEBUG] cheese - login => username:admin,password:123456
[2024-06-14T16:49:01.701] [DEBUG] cheese - admin
[2024-06-14T16:49:01.704] [DEBUG] cheese - null
[2024-06-14T16:49:01.704] [DEBUG] cheese - null
[2024-06-14T17:24:19.766] [DEBUG] cheese - login => username:admin,password:123456
[2024-06-14T17:24:19.767] [DEBUG] cheese - admin
[2024-06-14T17:24:19.806] [DEBUG] cheese - null
[2024-06-14T17:24:19.806] [DEBUG] cheese - null
[2024-06-14T17:26:20.940] [DEBUG] cheese - login => username:admin,password:123456
[2024-06-14T17:26:20.940] [DEBUG] cheese - admin
[2024-06-14T17:26:20.945] [DEBUG] cheese - null
[2024-06-14T17:26:20.945] [DEBUG] cheese - null
[2024-06-14T18:00:40.901] [DEBUG] cheese - login => username:admin,password:123456
[2024-06-14T18:00:40.902] [DEBUG] cheese - admin
[2024-06-14T18:00:40.940] [DEBUG] cheese - null
[2024-06-14T18:00:40.941] [DEBUG] cheese - null
[2024-06-14T18:03:02.889] [DEBUG] cheese - login => username:admin,password:123456
[2024-06-14T18:03:02.889] [DEBUG] cheese - admin
[2024-06-14T18:03:02.895] [DEBUG] cheese - null
[2024-06-14T18:03:02.895] [DEBUG] cheese - null
[2024-06-16T09:16:15.269] [DEBUG] cheese - login => username:admin,password:123456
[2024-06-16T09:18:13.881] [DEBUG] cheese - login => username:admin,password:123456
[2024-06-16T09:18:13.883] [DEBUG] cheese - admin
[2024-06-16T09:18:13.914] [DEBUG] cheese - null
[2024-06-16T09:18:13.914] [DEBUG] cheese - null
[2024-06-16T09:18:20.363] [DEBUG] cheese - login => username:admin,password:123456
[2024-06-16T09:18:20.363] [DEBUG] cheese - admin
[2024-06-16T09:18:20.370] [DEBUG] cheese - null
[2024-06-16T09:18:20.370] [DEBUG] cheese - null
[2024-06-16T09:27:14.243] [DEBUG] cheese - login => username:admin,password:123456
[2024-06-16T09:27:14.244] [DEBUG] cheese - admin
[2024-06-16T09:27:14.249] [DEBUG] cheese - null
[2024-06-16T09:27:14.249] [DEBUG] cheese - null
[2024-06-16T10:25:28.345] [DEBUG] cheese - login => username:admin,password:123456
[2024-06-16T10:25:28.346] [DEBUG] cheese - admin
[2024-06-16T10:25:28.394] [DEBUG] cheese - null
[2024-06-16T10:25:28.394] [DEBUG] cheese - null
[2024-06-16T10:27:50.014] [DEBUG] cheese - login => username:admin,password:123456
[2024-06-16T10:27:50.014] [DEBUG] cheese - admin
[2024-06-16T10:27:50.018] [DEBUG] cheese - null
[2024-06-16T10:27:50.018] [DEBUG] cheese - null
[2024-06-16T10:40:46.241] [DEBUG] cheese - login => username:admin,password:123456
[2024-06-16T10:40:46.242] [DEBUG] cheese - admin
[2024-06-16T10:40:46.245] [DEBUG] cheese - null
[2024-06-16T10:40:46.245] [DEBUG] cheese - null
[2024-06-16T10:40:50.452] [DEBUG] cheese - login => username:admin,password:123456
[2024-06-16T10:40:50.452] [DEBUG] cheese - admin
[2024-06-16T10:40:50.455] [DEBUG] cheese - null
[2024-06-16T10:40:50.455] [DEBUG] cheese - null
[2024-06-17T09:00:26.326] [DEBUG] cheese - login => username:admin,password:123456
[2024-06-17T09:00:26.327] [DEBUG] cheese - admin
[2024-06-17T09:00:26.382] [DEBUG] cheese - null
[2024-06-17T09:00:26.382] [DEBUG] cheese - null
[2024-06-17T09:05:25.515] [DEBUG] cheese - login => username:admin,password:123456
[2024-06-17T09:05:25.515] [DEBUG] cheese - admin
[2024-06-17T09:05:25.522] [DEBUG] cheese - null
[2024-06-17T09:05:25.522] [DEBUG] cheese - null
[2024-06-17T09:06:37.155] [DEBUG] cheese - login => username:admin,password:123456
[2024-06-17T09:06:37.156] [DEBUG] cheese - admin
[2024-06-17T09:06:37.167] [DEBUG] cheese - null
[2024-06-17T09:06:37.168] [DEBUG] cheese - null
[2024-06-17T10:47:07.884] [DEBUG] cheese - login => username:admin,password:123456
[2024-06-17T10:47:07.884] [DEBUG] cheese - admin
[2024-06-17T10:47:07.919] [DEBUG] cheese - null
[2024-06-17T10:47:07.920] [DEBUG] cheese - null
